Using pre-set license
Built from '2020.2/release' branch; Version is '2020.2.1f1 (270dd8c3da1c) revision 2559448'; Using compiler version '192528614'; Build Type 'Release'
OS: 'Windows 10  (10.0.0) 64bit' Language: 'tr' Physical Memory: 32614 MB
BatchMode: 1, IsHumanControllingUs: 0, StartBugReporterOnCrash: 0, Is64bit: 1, IsPro: 0

 COMMAND LINE ARGUMENTS:
C:\Program Files\Unity\Hub\Editor\2020.2.1f1\Editor\Unity.exe
-adb2
-batchMode
-noUpm
-name
AssetImportWorker0
-projectPath
C:/Users/Deno/Egitim
-logFile
Logs/AssetImportWorker0.log
-srvPort
50153
Successfully changed project path to: C:/Users/Deno/Egitim
C:/Users/Deno/Egitim
Using Asset Import Pipeline V2.
Refreshing native plugins compatible for Editor in 22.51 ms, found 0 plugins.
Preloading 0 native plugins for Editor in 0.00 ms.
Initialize engine version: 2020.2.1f1 (270dd8c3da1c)
[Subsystems] Discovering subsystems at path C:/Program Files/Unity/Hub/Editor/2020.2.1f1/Editor/Data/Resources/UnitySubsystems
[Subsystems] Discovering subsystems at path C:/Users/Deno/Egitim/Assets
GfxDevice: creating device client; threaded=0
Direct3D:
    Version:  Direct3D 11.0 [level 11.1]
    Renderer: NVIDIA Quadro RTX 4000 (ID=0x1eb6)
    Vendor:   
    VRAM:     8018 MB
    Driver:   27.21.14.6294
Initialize mono
Mono path[0] = 'C:/Program Files/Unity/Hub/Editor/2020.2.1f1/Editor/Data/Managed'
Mono path[1] = 'C:/Program Files/Unity/Hub/Editor/2020.2.1f1/Editor/Data/MonoBleedingEdge/lib/mono/unityjit'
Mono config path = 'C:/Program Files/Unity/Hub/Editor/2020.2.1f1/Editor/Data/MonoBleedingEdge/etc'
Using monoOptions --debugger-agent=transport=dt_socket,embedding=1,server=y,suspend=n,address=127.0.0.1:56248
Begin MonoManager ReloadAssembly
Registering precompiled unity dll's ...
Register platform support module: C:/Program Files/Unity/Hub/Editor/2020.2.1f1/Editor/Data/PlaybackEngines/WindowsStandaloneSupport/UnityEditor.WindowsStandalone.Extensions.dll
Registered in 0.004088 seconds.
Native extension for WindowsStandalone target not found
Refreshing native plugins compatible for Editor in 27.24 ms, found 0 plugins.
Preloading 0 native plugins for Editor in 0.00 ms.
Invoked RoslynAnalysisRunner static constructor.
RoslynAnalysisRunner will not be running.
RoslynAnalysisRunner has terminated.
Mono: successfully reloaded assembly
- Completed reload, in  3.153 seconds
Platform modules already initialized, skipping
Registering precompiled user dll's ...
Registered in 0.001426 seconds.
Begin MonoManager ReloadAssembly
Native extension for WindowsStandalone target not found
Refreshing native plugins compatible for Editor in 0.20 ms, found 0 plugins.
Preloading 0 native plugins for Editor in 0.00 ms.
Invoked RoslynAnalysisRunner static constructor.
RoslynAnalysisRunner will not be running.
RoslynAnalysisRunner has terminated.
Mono: successfully reloaded assembly
- Completed reload, in  0.892 seconds
Platform modules already initialized, skipping
========================================================================
Worker process is ready to serve import requests
Launched and connected shader compiler UnityShaderCompiler.exe after 0.04 seconds
Refreshing native plugins compatible for Editor in 0.20 ms, found 0 plugins.
Preloading 0 native plugins for Editor in 0.00 ms.
Unloading 1106 Unused Serialized files (Serialized files now loaded: 0)
System memory in use before: 57.3 MB.
System memory in use after: 57.4 MB.

Unloading 10 unused Assets to reduce memory usage. Loaded Objects now: 1547.
Total: 1.686000 ms (FindLiveObjects: 0.114000 ms CreateObjectMapping: 0.034800 ms MarkObjects: 1.448000 ms  DeleteObjects: 0.088600 ms)

========================================================================
Received Import Request.
  path: Assets/Scenes/Level 0.unity
  artifactKey: Guid(9fc0d4010bbf28b4594072e72b8655ab) Importer(815301076,1909f56bfc062723c751e8b465ee728b)
Start importing Assets/Scenes/Level 0.unity using Guid(9fc0d4010bbf28b4594072e72b8655ab) Importer(815301076,1909f56bfc062723c751e8b465ee728b)  -> (artifact id: 'a07516689442c65598c94ac70d003cf5') in 0.016190 seconds
  Import took 0.017986 seconds .

========================================================================
Received Import Request.
  Time since last request: 485.513154 seconds.
  path: Assets/Scenes/Level 2.unity
  artifactKey: Guid(7e0c05bd49058344da596ec34059802d) Importer(815301076,1909f56bfc062723c751e8b465ee728b)
Start importing Assets/Scenes/Level 2.unity using Guid(7e0c05bd49058344da596ec34059802d) Importer(815301076,1909f56bfc062723c751e8b465ee728b)  -> (artifact id: 'd695fd30fdc3c4086c4be879abc66fce') in 0.016747 seconds
  Import took 0.018626 seconds .

========================================================================
Received Prepare
Registering precompiled user dll's ...
Registered in 0.001177 seconds.
Begin MonoManager ReloadAssembly
Native extension for WindowsStandalone target not found
Refreshing native plugins compatible for Editor in 0.18 ms, found 0 plugins.
Preloading 0 native plugins for Editor in 0.00 ms.
Invoked RoslynAnalysisRunner static constructor.
RoslynAnalysisRunner will not be running.
RoslynAnalysisRunner has terminated.
Mono: successfully reloaded assembly
- Completed reload, in  0.826 seconds
Platform modules already initialized, skipping
Refreshing native plugins compatible for Editor in 0.19 ms, found 0 plugins.
Preloading 0 native plugins for Editor in 0.00 ms.
Unloading 1103 Unused Serialized files (Serialized files now loaded: 0)
System memory in use before: 57.8 MB.
System memory in use after: 57.8 MB.

Unloading 5 unused Assets to reduce memory usage. Loaded Objects now: 1549.
Total: 3.388900 ms (FindLiveObjects: 0.262600 ms CreateObjectMapping: 0.086000 ms MarkObjects: 2.950800 ms  DeleteObjects: 0.087600 ms)

========================================================================
Received Import Request.
  Time since last request: 197.598815 seconds.
  path: Assets/Script/TextObject.cs
  artifactKey: Guid(74b3eee61ed670245a0741904923174f) Importer(815301076,1909f56bfc062723c751e8b465ee728b)
Start importing Assets/Script/TextObject.cs using Guid(74b3eee61ed670245a0741904923174f) Importer(815301076,1909f56bfc062723c751e8b465ee728b)  -> (artifact id: '2bdd60bb928572b93d16cdfcf10fb9a9') in 0.030197 seconds
  Import took 0.031900 seconds .

========================================================================
Received Prepare
Registering precompiled user dll's ...
Registered in 0.001001 seconds.
Begin MonoManager ReloadAssembly
Native extension for WindowsStandalone target not found
Refreshing native plugins compatible for Editor in 0.18 ms, found 0 plugins.
Preloading 0 native plugins for Editor in 0.00 ms.
Invoked RoslynAnalysisRunner static constructor.
RoslynAnalysisRunner will not be running.
RoslynAnalysisRunner has terminated.
Mono: successfully reloaded assembly
- Completed reload, in  0.832 seconds
Platform modules already initialized, skipping
Refreshing native plugins compatible for Editor in 0.19 ms, found 0 plugins.
Preloading 0 native plugins for Editor in 0.00 ms.
Unloading 1102 Unused Serialized files (Serialized files now loaded: 0)
System memory in use before: 57.9 MB.
System memory in use after: 58.0 MB.

Unloading 7 unused Assets to reduce memory usage. Loaded Objects now: 1549.
Total: 5.012400 ms (FindLiveObjects: 0.288700 ms CreateObjectMapping: 0.092900 ms MarkObjects: 4.586600 ms  DeleteObjects: 0.041900 ms)

========================================================================
Received Prepare
Registering precompiled user dll's ...
Registered in 0.000954 seconds.
Begin MonoManager ReloadAssembly
Native extension for WindowsStandalone target not found
Refreshing native plugins compatible for Editor in 0.19 ms, found 0 plugins.
Preloading 0 native plugins for Editor in 0.00 ms.
Invoked RoslynAnalysisRunner static constructor.
RoslynAnalysisRunner will not be running.
RoslynAnalysisRunner has terminated.
Mono: successfully reloaded assembly
- Completed reload, in  0.877 seconds
Platform modules already initialized, skipping
Refreshing native plugins compatible for Editor in 0.19 ms, found 0 plugins.
Preloading 0 native plugins for Editor in 0.00 ms.
Unloading 1102 Unused Serialized files (Serialized files now loaded: 0)
System memory in use before: 58.7 MB.
System memory in use after: 58.8 MB.

Unloading 5 unused Assets to reduce memory usage. Loaded Objects now: 1551.
Total: 3.636800 ms (FindLiveObjects: 0.303700 ms CreateObjectMapping: 0.093600 ms MarkObjects: 3.140500 ms  DeleteObjects: 0.096300 ms)

========================================================================
Received Prepare
Registering precompiled user dll's ...
Registered in 0.001459 seconds.
Begin MonoManager ReloadAssembly
Native extension for WindowsStandalone target not found
Refreshing native plugins compatible for Editor in 0.27 ms, found 0 plugins.
Preloading 0 native plugins for Editor in 0.00 ms.
Invoked RoslynAnalysisRunner static constructor.
RoslynAnalysisRunner will not be running.
RoslynAnalysisRunner has terminated.
Mono: successfully reloaded assembly
- Completed reload, in  0.878 seconds
Platform modules already initialized, skipping
Refreshing native plugins compatible for Editor in 0.19 ms, found 0 plugins.
Preloading 0 native plugins for Editor in 0.00 ms.
Unloading 1102 Unused Serialized files (Serialized files now loaded: 0)
System memory in use before: 59.0 MB.
System memory in use after: 59.0 MB.

Unloading 5 unused Assets to reduce memory usage. Loaded Objects now: 1553.
Total: 1.506700 ms (FindLiveObjects: 0.105400 ms CreateObjectMapping: 0.025900 ms MarkObjects: 1.334800 ms  DeleteObjects: 0.039300 ms)

========================================================================
Received Import Request.
  Time since last request: 310.078748 seconds.
  path: Assets/Scenes/Level 2.unity
  artifactKey: Guid(7e0c05bd49058344da596ec34059802d) Importer(815301076,1909f56bfc062723c751e8b465ee728b)
Start importing Assets/Scenes/Level 2.unity using Guid(7e0c05bd49058344da596ec34059802d) Importer(815301076,1909f56bfc062723c751e8b465ee728b)  -> (artifact id: '645d37b5c9a4590cdd6d5efef7c0f2dc') in 0.023258 seconds
  Import took 0.025102 seconds .

========================================================================
Received Import Request.
  Time since last request: 0.001502 seconds.
  path: Assets/Scenes/Level 2.unity
  artifactKey: Guid(7e0c05bd49058344da596ec34059802d) Importer(815301076,1909f56bfc062723c751e8b465ee728b)
Start importing Assets/Scenes/Level 2.unity using Guid(7e0c05bd49058344da596ec34059802d) Importer(815301076,1909f56bfc062723c751e8b465ee728b)  -> (artifact id: '645d37b5c9a4590cdd6d5efef7c0f2dc') in 0.008019 seconds
  Import took 0.010037 seconds .

========================================================================
Received Prepare
Registering precompiled user dll's ...
Registered in 0.001112 seconds.
Begin MonoManager ReloadAssembly
Native extension for WindowsStandalone target not found
Refreshing native plugins compatible for Editor in 0.33 ms, found 0 plugins.
Preloading 0 native plugins for Editor in 0.00 ms.
Invoked RoslynAnalysisRunner static constructor.
RoslynAnalysisRunner will not be running.
RoslynAnalysisRunner has terminated.
Mono: successfully reloaded assembly
- Completed reload, in  0.900 seconds
Platform modules already initialized, skipping
Refreshing native plugins compatible for Editor in 0.19 ms, found 0 plugins.
Preloading 0 native plugins for Editor in 0.00 ms.
Unloading 1102 Unused Serialized files (Serialized files now loaded: 0)
System memory in use before: 58.6 MB.
System memory in use after: 58.7 MB.

Unloading 5 unused Assets to reduce memory usage. Loaded Objects now: 1555.
Total: 4.331800 ms (FindLiveObjects: 0.414800 ms CreateObjectMapping: 0.142600 ms MarkObjects: 3.666100 ms  DeleteObjects: 0.106000 ms)

========================================================================
Received Import Request.
  Time since last request: 425.582371 seconds.
  path: Assets/Prefab/LevelSistemi.prefab
  artifactKey: Guid(16545940bd95ac144b6a5407b7d7f30a) Importer(815301076,1909f56bfc062723c751e8b465ee728b)
Start importing Assets/Prefab/LevelSistemi.prefab using Guid(16545940bd95ac144b6a5407b7d7f30a) Importer(815301076,1909f56bfc062723c751e8b465ee728b)  -> (artifact id: '252a8f7b20ed97791b33bdb26172c2d7') in 0.082815 seconds
  Import took 0.085776 seconds .

========================================================================
Received Import Request.
  Time since last request: 267.056151 seconds.
  path: Assets/Scenes/Level 3.unity
  artifactKey: Guid(18c6954c16240414da9da557e90fd6e7) Importer(815301076,1909f56bfc062723c751e8b465ee728b)
Start importing Assets/Scenes/Level 3.unity using Guid(18c6954c16240414da9da557e90fd6e7) Importer(815301076,1909f56bfc062723c751e8b465ee728b)  -> (artifact id: '87f1844439a08139f460ef6c624699ce') in 0.019756 seconds
  Import took 0.021677 seconds .

========================================================================
Received Import Request.
  Time since last request: 8.755408 seconds.
  path: Assets/Scenes/Level 2.unity
  artifactKey: Guid(7e0c05bd49058344da596ec34059802d) Importer(815301076,1909f56bfc062723c751e8b465ee728b)
Start importing Assets/Scenes/Level 2.unity using Guid(7e0c05bd49058344da596ec34059802d) Importer(815301076,1909f56bfc062723c751e8b465ee728b)  -> (artifact id: 'd4be8213a1039a1c1a1331b9c2bc0cd3') in 0.008175 seconds
  Import took 0.009986 seconds .

========================================================================
Received Import Request.
  Time since last request: 174.952580 seconds.
  path: Assets/Scenes/Level 1.unity
  artifactKey: Guid(fb9a1ea395bec2e4984bca89b9d21077) Importer(815301076,1909f56bfc062723c751e8b465ee728b)
Start importing Assets/Scenes/Level 1.unity using Guid(fb9a1ea395bec2e4984bca89b9d21077) Importer(815301076,1909f56bfc062723c751e8b465ee728b)  -> (artifact id: 'f32cb82c4bab51156a569dce794988d2') in 0.016282 seconds
  Import took 0.018035 seconds .

========================================================================
Received Prepare
Registering precompiled user dll's ...
Registered in 0.001139 seconds.
Begin MonoManager ReloadAssembly
Native extension for WindowsStandalone target not found
Refreshing native plugins compatible for Editor in 0.21 ms, found 0 plugins.
Preloading 0 native plugins for Editor in 0.00 ms.
Invoked RoslynAnalysisRunner static constructor.
RoslynAnalysisRunner will not be running.
RoslynAnalysisRunner has terminated.
Mono: successfully reloaded assembly
- Completed reload, in  0.875 seconds
Platform modules already initialized, skipping
Refreshing native plugins compatible for Editor in 0.18 ms, found 0 plugins.
Preloading 0 native plugins for Editor in 0.00 ms.
Unloading 1102 Unused Serialized files (Serialized files now loaded: 0)
System memory in use before: 59.1 MB.
System memory in use after: 59.1 MB.

Unloading 9 unused Assets to reduce memory usage. Loaded Objects now: 1558.
Total: 3.399100 ms (FindLiveObjects: 0.257400 ms CreateObjectMapping: 0.081400 ms MarkObjects: 2.948800 ms  DeleteObjects: 0.109400 ms)

AssetImportWorkerClient::OnTransportError - code=2 error=End of file
